<?xml version="1.0" encoding="UTF-8"?>
<!-- Generated by org.testng.reporters.JUnitXMLReporter -->
<testsuite ignored="0" hostname="DESKTOP-JL3SFV8" failures="0" tests="3" name="Test-2" time="63.205" errors="0" timestamp="2024-09-13T20:34:39 IST">
  <testcase classname="com.comcast.crm.contacttest.CreateContactTest" name="createContactWithOrgTest" time="20.399"/>
  <testcase classname="com.comcast.crm.contacttest.CreateContactTest" name="createContactWithSupportDateTest" time="12.637"/>
  <testcase classname="com.comcast.crm.contacttest.CreateContactTest" name="test" time="11.132"/>
</testsuite> <!-- Test-2 -->
