<?xml version="1.0" encoding="UTF-8"?>
<!-- Generated by org.testng.reporters.JUnitReportReporter -->
<testsuite hostname="DESKTOP-JL3SFV8" failures="0" tests="4" name="practice.test.DataProvider_Prog" time="0.019" errors="0" timestamp="2024-09-13T20:31:28 IST" skipped="0">
  <testcase classname="practice.test.DataProvider_Prog" name="getdatapro" time="0.003"/>
  <testcase classname="practice.test.DataProvider_Prog" name="getdatapro" time="0.003"/>
  <testcase classname="practice.test.DataProvider_Prog" name="getdatapro" time="0.004"/>
  <testcase classname="practice.test.DataProvider_Prog" name="getdatapro" time="0.009"/>
</testsuite> <!-- practice.test.DataProvider_Prog -->
