<?xml version="1.0" encoding="UTF-8"?>
<!-- Generated by org.testng.reporters.JUnitReportReporter -->
<testsuite hostname="DESKTOP-JL3SFV8" failures="0" tests="3" name="com.comcast.crm.orgtest.CreateOrganizationTest" time="52.967" errors="0" timestamp="2024-09-13T20:34:40 IST" skipped="0">
  <testcase classname="com.comcast.crm.orgtest.CreateOrganizationTest" name="createOrgTest" time="13.685"/>
  <testcase classname="com.comcast.crm.orgtest.CreateOrganizationTest" name="createOrgWithPh" time="23.818"/>
  <testcase classname="com.comcast.crm.orgtest.CreateOrganizationTest" name="createOrgWithIndustry" time="15.464"/>
</testsuite> <!-- com.comcast.crm.orgtest.CreateOrganizationTest -->
