<?xml version="1.0" encoding="UTF-8"?>
<!-- Generated by org.testng.reporters.JUnitReportReporter -->
<testsuite hostname="DESKTOP-JL3SFV8" failures="0" tests="3" name="com.comcast.crm.contacttest.CreateContactTest" time="60.537" errors="0" timestamp="2024-09-13T20:34:40 IST" skipped="0">
  <testcase classname="com.comcast.crm.contacttest.CreateContactTest" name="test" time="16.577"/>
  <testcase classname="com.comcast.crm.contacttest.CreateContactTest" name="createContactWithSupportDateTest" time="17.013"/>
  <testcase classname="com.comcast.crm.contacttest.CreateContactTest" name="createContactWithOrgTest" time="26.947"/>
</testsuite> <!-- com.comcast.crm.contacttest.CreateContactTest -->
